# JRE version: Java(TM) SE Runtime Environment (11.0+28) (build 11+28)
# Java VM: Java HotSpot(TM) 64-Bit Server VM (11+28, mixed mode, tiered, compressed oops, g1 gc, windows-amd64)
Heap:
 garbage-first heap   total 166912K, used 14368K [0x0000000082200000, 0x0000000100000000)
  region size 1024K, 6 young (6144K), 6 survivors (6144K)
 Metaspace       used 34630K, capacity 35756K, committed 35840K, reserved 1081344K
  class space    used 4275K, capacity 4736K, committed 4736K, reserved 1048576K
GC Heap History (10 events):
Event: 1.095 GC heap after
{Heap after GC invocations=1 (full 0):
 garbage-first heap   total 129024K, used 4731K [0x0000000082200000, 0x0000000100000000)
  region size 1024K, 2 young (2048K), 2 survivors (2048K)
 Metaspace       used 13116K, capacity 13489K, committed 13568K, reserved 1060864K
  class space    used 1360K, capacity 1475K, committed 1536K, reserved 1048576K
}
Event: 1.288 GC heap before
{Heap before GC invocations=1 (full 0):
 garbage-first heap   total 129024K, used 14971K [0x0000000082200000, 0x0000000100000000)
  region size 1024K, 12 young (12288K), 2 survivors (2048K)
 Metaspace       used 15138K, capacity 15616K, committed 15744K, reserved 1062912K
  class space    used 1644K, capacity 1804K, committed 1920K, reserved 1048576K
}
Event: 1.321 GC heap after
{Heap after GC invocations=2 (full 0):
 garbage-first heap   total 129024K, used 5549K [0x0000000082200000, 0x0000000100000000)
  region size 1024K, 1 young (1024K), 1 survivors (1024K)
 Metaspace       used 15138K, capacity 15616K, committed 15744K, reserved 1062912K
  class space    used 1644K, capacity 1804K, committed 1920K, reserved 1048576K
}
Event: 1.654 GC heap before
{Heap before GC invocations=2 (full 0):
 garbage-first heap   total 129024K, used 30125K [0x0000000082200000, 0x0000000100000000)
  region size 1024K, 27 young (27648K), 1 survivors (1024K)
 Metaspace       used 20492K, capacity 21115K, committed 21248K, reserved 1067008K
  class space    used 2466K, capacity 2716K, committed 2816K, reserved 1048576K
}
Event: 1.657 GC heap after
{Heap after GC invocations=3 (full 0):
 garbage-first heap   total 129024K, used 6927K [0x0000000082200000, 0x0000000100000000)
  region size 1024K, 3 young (3072K), 3 survivors (3072K)
 Metaspace       used 20492K, capacity 21115K, committed 21248K, reserved 1067008K
  class space    used 2466K, capacity 2716K, committed 2816K, reserved 1048576K
}
Event: 2.280 GC heap before
{Heap before GC invocations=4 (full 0):
 garbage-first heap   total 129024K, used 42767K [0x0000000082200000, 0x0000000100000000)
  region size 1024K, 39 young (39936K), 3 survivors (3072K)
 Metaspace       used 27137K, capacity 27970K, committed 28288K, reserved 1073152K
  class space    used 3303K, capacity 3628K, committed 3712K, reserved 1048576K
}
Event: 2.286 GC heap after
{Heap after GC invocations=5 (full 0):
 garbage-first heap   total 129024K, used 8910K [0x0000000082200000, 0x0000000100000000)
  region size 1024K, 4 young (4096K), 4 survivors (4096K)
 Metaspace       used 27137K, capacity 27970K, committed 28288K, reserved 1073152K
  class space    used 3303K, capacity 3628K, committed 3712K, reserved 1048576K
}
Event: 3.613 GC heap before
{Heap before GC invocations=5 (full 0):
 garbage-first heap   total 129024K, used 81614K [0x0000000082200000, 0x0000000100000000)
  region size 1024K, 75 young (76800K), 4 survivors (4096K)
 Metaspace       used 34204K, capacity 35287K, committed 35456K, reserved 1079296K
  class space    used 4220K, capacity 4666K, committed 4736K, reserved 1048576K
}
Event: 3.624 GC heap after
{Heap after GC invocations=6 (full 0):
 garbage-first heap   total 129024K, used 13503K [0x0000000082200000, 0x0000000100000000)
  region size 1024K, 9 young (9216K), 9 survivors (9216K)
 Metaspace       used 34204K, capacity 35287K, committed 35456K, reserved 1079296K
  class space    used 4220K, capacity 4666K, committed 4736K, reserved 1048576K
}
Event: 3.682 GC heap before
{Heap before GC invocations=6 (full 0):
 garbage-first heap   total 129024K, used 17599K [0x0000000082200000, 0x0000000100000000)
  region size 1024K, 14 young (14336K), 9 survivors (9216K)
 Metaspace       used 34630K, capacity 35756K, committed 35840K, reserved 1081344K
  class space    used 4275K, capacity 4736K, committed 4736K, reserved 1048576K
}

